<?xml version="1.0" ?>
<coverage branch-rate="0.0" line-rate="0.8" version="5.5" timestamp="1718213092">
  <packages>
    <package name="app" line-rate="0.8" branch-rate="0.0">
      <classes>
        <class name="main" filename="src/app/main.py" line-rate="0.8" branch-rate="0.0">
          <lines>
            <line number="5" hits="1" />
            <line number="6" hits="1" />
            <line number="8" hits="1" />
            <line number="12" hits="1" />
            <line number="16" hits="0" />
            <line number="20" hits="1" />
            <line number="24" hits="1" />
            <line number="28" hits="1" />
            <line number="32" hits="1" />
            <line number="36" hits="0" />
          </lines>
        </class>
      </classes>
    </package>
  </packages>
</coverage>
